<?xml version="1.0" encoding="UTF-8"?>
<!-- Generated by org.testng.reporters.JUnitReportReporter -->
<testsuite hostname="LAPTOP-U0UME3N7" failures="0" tests="3" name="Beforetest.home1" time="0.012" errors="0" timestamp="2022-06-25T19:54:56 IST" skipped="0">
  <testcase classname="Beforetest.home1" name="MobileLoginHomeLoan" time="0.003"/>
  <system-out/>
  <testcase classname="Beforetest.home1" name="WebLoginHomeLoan" time="0.007"/>
  <system-out/>
  <testcase classname="Beforetest.home1" name="APILoginHomeLoan" time="0.002"/>
  <system-out/>
</testsuite> <!-- Beforetest.home1 -->
