<?xml version="1.0" encoding="UTF-8"?>
<!-- Generated by org.testng.reporters.JUnitReportReporter -->
<testsuite hostname="LAPTOP-U0UME3N7" failures="0" tests="3" name="Beforetest.edu1" time="0.038" errors="0" timestamp="2022-06-25T19:54:56 IST" skipped="0">
  <testcase classname="Beforetest.edu1" name="APILogineduLoan" time="0.028"/>
  <system-out/>
  <testcase classname="Beforetest.edu1" name="MobileLogineduLoan" time="0.002"/>
  <system-out/>
  <testcase classname="Beforetest.edu1" name="WebLogineduLoan" time="0.008"/>
  <system-out/>
</testsuite> <!-- Beforetest.edu1 -->
