<?xml version="1.0" encoding="UTF-8"?>
<!-- Generated by org.testng.reporters.JUnitReportReporter -->
<testsuite hostname="LAPTOP-U0UME3N7" failures="0" tests="1" name="testngpracticemultiplegroups.carloan1" time="0.024" errors="0" timestamp="2022-06-25T19:01:40 IST" skipped="0">
  <testcase classname="testngpracticemultiplegroups.carloan1" name="APILoginPersonalLoan" time="0.024"/>
  <system-out/>
</testsuite> <!-- testngpracticemultiplegroups.carloan1 -->
