<?xml version="1.0" encoding="UTF-8"?>
<!-- Generated by org.testng.reporters.JUnitReportReporter -->
<testsuite hostname="LAPTOP-U0UME3N7" failures="0" tests="2" name="testngpracticemultiplegroups.eduloan" time="0.011" errors="0" timestamp="2022-06-25T19:01:40 IST" skipped="0">
  <testcase classname="testngpracticemultiplegroups.eduloan" name="MobileLogineduLoan" time="0.009"/>
  <system-out/>
  <testcase classname="testngpracticemultiplegroups.eduloan" name="WebLogineduLoan" time="0.002"/>
  <system-out/>
</testsuite> <!-- testngpracticemultiplegroups.eduloan -->
