<?xml version="1.0" encoding="UTF-8"?>
<!-- Generated by org.testng.reporters.JUnitReportReporter -->
<testsuite hostname="LAPTOP-U0UME3N7" failures="0" tests="3" name="seleniumpractisegroups.Homeloan" time="0.014" errors="0" timestamp="2022-10-21T16:53:54 IST" skipped="0">
  <testcase classname="seleniumpractisegroups.Homeloan" name="APILoginHomeLoan" time="0.011"/>
  <system-out/>
  <testcase classname="seleniumpractisegroups.Homeloan" name="MobileLoginHomeLoan" time="0.001"/>
  <system-out/>
  <testcase classname="seleniumpractisegroups.Homeloan" name="WebLoginHomeLoan" time="0.002"/>
  <system-out/>
</testsuite> <!-- seleniumpractisegroups.Homeloan -->
