<?xml version="1.0" encoding="UTF-8"?>
<!-- Generated by org.testng.reporters.JUnitReportReporter -->
<testsuite hostname="LAPTOP-U0UME3N7" failures="0" tests="2" name="beforegroup.c2" time="0.006" errors="0" timestamp="2022-06-25T22:04:18 IST" skipped="0">
  <testcase classname="beforegroup.c2" name="APILoginHomeLoan" time="0.002"/>
  <system-out/>
  <testcase classname="beforegroup.c2" name="MobileLoginHomeLoan" time="0.004"/>
  <system-out/>
</testsuite> <!-- beforegroup.c2 -->
