<?xml version="1.0" encoding="UTF-8"?>
<!-- Generated by org.testng.reporters.JUnitReportReporter -->
<testsuite hostname="LAPTOP-U0UME3N7" failures="0" tests="3" name="beforegroup.c3" time="0.009" errors="0" timestamp="2022-06-25T22:04:18 IST" skipped="0">
  <testcase classname="beforegroup.c3" name="APILogineduLoan" time="0.002"/>
  <system-out/>
  <testcase classname="beforegroup.c3" name="WebLogineduLoan" time="0.003"/>
  <system-out/>
  <testcase classname="beforegroup.c3" name="MobileLogineduLoan" time="0.004"/>
  <system-out/>
</testsuite> <!-- beforegroup.c3 -->
