<?xml version="1.0" encoding="UTF-8"?>
<!-- Generated by org.testng.reporters.JUnitReportReporter -->
<testsuite hostname="LAPTOP-U0UME3N7" failures="0" tests="3" name="beforesuite.eduloan2" time="0.034" errors="0" timestamp="2022-06-25T19:35:13 IST" skipped="0">
  <testcase classname="beforesuite.eduloan2" name="MobileLogineduLoan" time="0.002"/>
  <system-out/>
  <testcase classname="beforesuite.eduloan2" name="APILogineduLoan" time="0.027"/>
  <system-out/>
  <testcase classname="beforesuite.eduloan2" name="WebLogineduLoan" time="0.005"/>
  <system-out/>
</testsuite> <!-- beforesuite.eduloan2 -->
