<?xml version="1.0" encoding="UTF-8"?>
<!-- Generated by org.testng.reporters.JUnitReportReporter -->
<testsuite hostname="LAPTOP-U0UME3N7" failures="0" tests="2" name="seleniumpractisegroups.carloan" time="0.006" errors="0" timestamp="2022-06-25T18:16:25 IST" skipped="0">
  <testcase classname="seleniumpractisegroups.carloan" name="MobileLoginPersonalLoan" time="0.003"/>
  <system-out/>
  <testcase classname="seleniumpractisegroups.carloan" name="APILoginPersonalLoan" time="0.003"/>
  <system-out/>
</testsuite> <!-- seleniumpractisegroups.carloan -->
