<?xml version="1.0" encoding="UTF-8"?>
<!-- Generated by org.testng.reporters.JUnitReportReporter -->
<testsuite hostname="LAPTOP-U0UME3N7" failures="0" tests="2" name="beforegroup.c1" time="0.014" errors="0" timestamp="2022-06-26T21:25:35 IST" skipped="0">
  <testcase classname="beforegroup.c1" name="testcase3" time="0.002"/>
  <system-out/>
  <testcase classname="beforegroup.c1" name="testcase2" time="0.012"/>
  <system-out/>
</testsuite> <!-- beforegroup.c1 -->
