<?xml version="1.0" encoding="UTF-8"?>
<!-- Generated by org.testng.reporters.JUnitReportReporter -->
<testsuite hostname="LAPTOP-U0UME3N7" failures="0" tests="3" name="testngpracticemultiplegroups.homeloan" time="0.004" errors="0" timestamp="2022-06-25T19:01:40 IST" skipped="0">
  <testcase classname="testngpracticemultiplegroups.homeloan" name="APILoginHomeLoan" time="0.001"/>
  <system-out/>
  <testcase classname="testngpracticemultiplegroups.homeloan" name="WebLoginHomeLoan" time="0.002"/>
  <system-out/>
  <testcase classname="testngpracticemultiplegroups.homeloan" name="MobileLoginHomeLoan" time="0.001"/>
  <system-out/>
</testsuite> <!-- testngpracticemultiplegroups.homeloan -->
