<?xml version="1.0" encoding="UTF-8"?>
<!-- Generated by org.testng.reporters.JUnitReportReporter -->
<testsuite hostname="LAPTOP-U0UME3N7" failures="0" tests="3" name="Beforetest.car1" time="0.010" errors="0" timestamp="2022-06-25T19:54:56 IST" skipped="0">
  <testcase classname="Beforetest.car1" name="APILoginPersonalLoan" time="0.001"/>
  <system-out/>
  <testcase classname="Beforetest.car1" name="MobileLoginPersonalLoan" time="0.002"/>
  <system-out/>
  <testcase classname="Beforetest.car1" name="WebLoginPersonalLoan" time="0.007"/>
  <system-out/>
</testsuite> <!-- Beforetest.car1 -->
