<?xml version="1.0" encoding="UTF-8"?>
<!-- Generated by org.testng.reporters.JUnitReportReporter -->
<testsuite hostname="LAPTOP-U0UME3N7" failures="0" tests="2" name="sel1.Logouttest" time="0.028" errors="0" timestamp="2022-06-25T10:18:01 IST" skipped="0">
  <testcase classname="sel1.Logouttest" name="Searching" time="0.026"/>
  <system-out/>
  <testcase classname="sel1.Logouttest" name="logintest" time="0.002"/>
  <system-out/>
</testsuite> <!-- sel1.Logouttest -->
