<?xml version="1.0" encoding="UTF-8"?>
<!-- Generated by org.testng.reporters.JUnitReportReporter -->
<testsuite hostname="LAPTOP-U0UME3N7" failures="0" tests="4" name="sel1.logintest" time="0.014" errors="0" timestamp="2022-06-25T10:18:01 IST" skipped="0">
  <testcase classname="sel1.logintest" name="Typing" time="0.003"/>
  <system-out/>
  <testcase classname="sel1.logintest" name="logintest" time="0.001"/>
  <system-out/>
  <testcase classname="sel1.logintest" name="Searching" time="0.006"/>
  <system-out/>
  <testcase classname="sel1.logintest" name="logouttest" time="0.004"/>
  <system-out/>
</testsuite> <!-- sel1.logintest -->
