<?xml version="1.0" encoding="UTF-8"?>
<!-- Generated by org.testng.reporters.JUnitReportReporter -->
<testsuite hostname="LAPTOP-U0UME3N7" failures="0" tests="2" name="run.Run" time="18.324" errors="0" timestamp="2022-06-22T19:32:35 IST" skipped="0">
  <testcase classname="run.Run" name="LaunchingTestTest2" time="9.154"/>
  <system-out/>
  <testcase classname="run.Run" name="LaunchingTestTest1" time="9.170"/>
  <system-out/>
</testsuite> <!-- run.Run -->
