<?xml version="1.0" encoding="UTF-8"?>
<!-- Generated by org.testng.reporters.JUnitReportReporter -->
<testsuite hostname="LAPTOP-U0UME3N7" failures="0" tests="1" name="tables" time="0.240" errors="0" timestamp="2022-09-20T14:34:55 IST" skipped="0">
  <testcase classname="tables" name="gettable" time="0.240"/>
  <system-out/>
</testsuite> <!-- tables -->
