<?xml version="1.0" encoding="UTF-8"?>
<!-- Generated by org.testng.reporters.JUnitReportReporter -->
<testsuite hostname="LAPTOP-U0UME3N7" failures="0" tests="4" name="sampletest.Yatra" time="12.672" errors="0" timestamp="2022-10-09T19:23:56 IST" skipped="0">
  <testcase classname="sampletest.Yatra" name="datetest" time="4.263"/>
  <system-out/>
  <testcase classname="sampletest.Yatra" name="adulttest" time="2.132"/>
  <system-out/>
  <testcase classname="sampletest.Yatra" name="radiobuttontest" time="4.180"/>
  <system-out/>
  <testcase classname="sampletest.Yatra" name="searchflighttest" time="2.097"/>
  <system-out/>
</testsuite> <!-- sampletest.Yatra -->
