<?xml version="1.0" encoding="UTF-8"?>
<!-- Generated by org.testng.reporters.JUnitReportReporter -->
<testsuite hostname="LAPTOP-U0UME3N7" failures="0" tests="1" name="NewTest" time="6.878" errors="0" timestamp="2022-09-20T14:20:16 IST" skipped="0">
  <testcase classname="NewTest" name="f" time="6.878"/>
  <system-out/>
</testsuite> <!-- NewTest -->
