<?xml version="1.0" encoding="UTF-8"?>
<!-- Generated by org.testng.reporters.JUnitReportReporter -->
<testsuite hostname="LAPTOP-U0UME3N7" failures="0" tests="1" name="Zoomin" time="0.098" errors="0" timestamp="2022-09-15T18:44:11 IST" skipped="0">
  <testcase classname="Zoomin" name="zoom" time="0.098"/>
  <system-out/>
</testsuite> <!-- Zoomin -->
