<?xml version="1.0" encoding="UTF-8"?>
<!-- Generated by org.testng.reporters.JUnitReportReporter -->
<testsuite hostname="LAPTOP-U0UME3N7" failures="0" tests="5" name="flipkart" time="19.670" errors="0" timestamp="2022-10-09T17:58:29 IST" skipped="0">
  <testcase classname="flipkart" name="searchproduct" time="4.715"/>
  <system-out/>
  <testcase classname="flipkart" name="clickonsearchproduct" time="4.276"/>
  <system-out/>
  <testcase classname="flipkart" name="switchtonextwindow" time="2.061"/>
  <system-out/>
  <testcase classname="flipkart" name="addtocart" time="4.503"/>
  <system-out/>
  <testcase classname="flipkart" name="verifyconfirmationmsg" time="4.115"/>
  <system-out/>
</testsuite> <!-- flipkart -->
