<?xml version="1.0" encoding="UTF-8"?>
<!-- Generated by org.testng.reporters.JUnitReportReporter -->
<testsuite hostname="LAPTOP-U0UME3N7" failures="0" tests="4" name="Grouping" time="0.028" errors="0" timestamp="2022-09-20T14:34:55 IST" skipped="0">
  <testcase classname="Grouping" name="Scooter" time="0.004"/>
  <system-out/>
  <testcase classname="Grouping" name="Scooter2" time="0.003"/>
  <system-out/>
  <testcase classname="Grouping" name="Car" time="0.018"/>
  <system-out/>
  <testcase classname="Grouping" name="Car1" time="0.003"/>
  <system-out/>
</testsuite> <!-- Grouping -->
