<?xml version="1.0" encoding="UTF-8"?>
<!-- Generated by org.testng.reporters.JUnitReportReporter -->
<testsuite hostname="LAPTOP-U0UME3N7" failures="0" tests="1" name="test.Test99GuruLogin" time="3.219" errors="0" timestamp="2022-09-24T22:57:27 IST" skipped="0">
  <testcase classname="test.Test99GuruLogin" name="test_Home_Page_Appear_Correct" time="3.219"/>
  <system-out/>
</testsuite> <!-- test.Test99GuruLogin -->
