<?xml version="1.0" encoding="UTF-8"?>
<!-- Generated by org.testng.reporters.JUnitReportReporter -->
<testsuite hostname="LAPTOP-U0UME3N7" failures="0" tests="2" name="Login" time="33.441" errors="0" timestamp="2022-09-26T15:22:10 IST" skipped="0">
  <testcase classname="Login" name="login" time="14.725"/>
  <system-out>
    <![CDATA[THe hi is entered]]>
  </system-out>
  <testcase classname="Login" name="login" time="18.716"/>
  <system-out>
    <![CDATA[THe hi is entered]]>
  </system-out>
</testsuite> <!-- Login -->
