<?xml version="1.0" encoding="UTF-8"?>
<!-- Generated by org.testng.reporters.JUnitReportReporter -->
<testsuite hostname="LAPTOP-U0UME3N7" failures="0" tests="1" name="Zoomin1" time="24.479" errors="0" timestamp="2022-10-08T17:37:15 IST" skipped="0">
  <testcase classname="Zoomin1" name="zoom" time="24.479"/>
  <system-out/>
</testsuite> <!-- Zoomin1 -->
