<?xml version="1.0" encoding="UTF-8"?>
<!-- Generated by org.testng.reporters.JUnitReportReporter -->
<testsuite hostname="LAPTOP-U0UME3N7" failures="0" tests="3" name="Paralleltesting" time="56.484" errors="0" timestamp="2022-09-20T09:58:36 IST" skipped="0">
  <testcase classname="Paralleltesting" name="executeSessionTwo" time="17.293"/>
  <system-out/>
  <testcase classname="Paralleltesting" name="executSessionOne" time="21.628"/>
  <system-out/>
  <testcase classname="Paralleltesting" name="executSessionThree" time="17.563"/>
  <system-out/>
</testsuite> <!-- Paralleltesting -->
