<?xml version="1.0" encoding="UTF-8"?>
<!-- Generated by org.testng.reporters.JUnitReportReporter -->
<testsuite hostname="LAPTOP-U0UME3N7" failures="0" tests="1" name="sampletest.opnnotepadrobot" time="9.354" errors="0" timestamp="2022-12-20T22:06:36 IST" skipped="0">
  <testcase classname="sampletest.opnnotepadrobot" name="opennotepad" time="9.354"/>
  <system-out/>
</testsuite> <!-- sampletest.opnnotepadrobot -->
