<?xml version="1.0" encoding="UTF-8"?>
<!-- Generated by org.testng.reporters.JUnitReportReporter -->
<testsuite hostname="LAPTOP-U0UME3N7" failures="0" tests="3" name="mousemoverobot" time="17.893" errors="0" timestamp="2022-10-08T17:38:07 IST" skipped="0">
  <testcase classname="mousemoverobot" name="keyPress" time="11.828"/>
  <system-out/>
  <testcase classname="mousemoverobot" name="mousemove" time="2.034"/>
  <system-out/>
  <testcase classname="mousemoverobot" name="mousePress" time="4.031"/>
  <system-out/>
</testsuite> <!-- mousemoverobot -->
